<?xml version="1.0" encoding="UTF-8"?>
<!-- Generated by org.testng.reporters.JUnitReportReporter -->
<testsuite hostname="Jaggu" failures="0" tests="1" name="com.mystore.testcases.HomepageTestxml" time="20.338" errors="0" timestamp="2024-12-21T10:23:46 IST" skipped="0">
  <testcase classname="com.mystore.testcases.HomepageTestxml" name="orderHistoryandDetailsTest" time="20.338"/>
</testsuite> <!-- com.mystore.testcases.HomepageTestxml -->
