<?xml version="1.0" encoding="UTF-8"?>
<!-- Generated by org.testng.reporters.JUnitReportReporter -->
<testsuite hostname="Jaggu" failures="0" tests="1" name="com.mystore.testcases.SFLoginTest" time="31.876" errors="0" timestamp="2024-07-21T11:09:13 IST" skipped="0">
  <testcase classname="com.mystore.testcases.SFLoginTest" name="loginTest" time="31.876"/>
</testsuite> <!-- com.mystore.testcases.SFLoginTest -->
