<?xml version="1.0" encoding="UTF-8"?>
<!-- Generated by org.testng.reporters.JUnitReportReporter -->
<testsuite hostname="Jaggu" failures="0" tests="1" name="com.mystore.testcases.TestJenkinsfromLocal" time="17.023" errors="0" timestamp="2024-08-03T09:33:46 IST" skipped="0">
  <testcase classname="com.mystore.testcases.TestJenkinsfromLocal" name="jenkinsclassTest" time="17.023"/>
</testsuite> <!-- com.mystore.testcases.TestJenkinsfromLocal -->
