<?xml version="1.0" encoding="UTF-8"?>
<!-- Generated by org.testng.reporters.JUnitReportReporter -->
<testsuite hostname="Jaggu" failures="0" tests="1" name="com.mystore.testcases.SearchResultPageTestxml" time="12.834" errors="0" timestamp="2024-12-21T10:23:46 IST" skipped="0">
  <testcase classname="com.mystore.testcases.SearchResultPageTestxml" name="verifyProductSearch" time="12.834"/>
</testsuite> <!-- com.mystore.testcases.SearchResultPageTestxml -->
