<?xml version="1.0" encoding="UTF-8"?>
<!-- Generated by org.testng.reporters.JUnitReportReporter -->
<testsuite hostname="Jaggu" failures="0" tests="2" name="com.mystore.testcases.IndexPageTestxml" time="22.364" errors="0" timestamp="2024-12-21T10:23:46 IST" skipped="0">
  <testcase classname="com.mystore.testcases.IndexPageTestxml" name="verifyTitle" time="12.299"/>
  <testcase classname="com.mystore.testcases.IndexPageTestxml" name="verifyLogo" time="10.065"/>
</testsuite> <!-- com.mystore.testcases.IndexPageTestxml -->
