<?xml version="1.0" encoding="UTF-8"?>
<!-- Generated by org.testng.reporters.JUnitReportReporter -->
<testsuite hostname="Jaggu" failures="0" tests="3" name="com.mystore.testcases.AccountCreationPageTestxml" time="42.147" errors="0" timestamp="2024-12-21T10:23:46 IST" skipped="0">
  <testcase classname="com.mystore.testcases.AccountCreationPageTestxml" name="verifyAccountCreationLandingPage" time="12.194"/>
  <testcase classname="com.mystore.testcases.AccountCreationPageTestxml" name="verifyAccountCreationLandingPage" time="15.746"/>
  <testcase classname="com.mystore.testcases.AccountCreationPageTestxml" name="verifyAccountCreationLandingPage" time="14.207"/>
</testsuite> <!-- com.mystore.testcases.AccountCreationPageTestxml -->
