<?xml version="1.0" encoding="UTF-8"?>
<!-- Generated by org.testng.reporters.JUnitReportReporter -->
<testsuite hostname="Jaggu" failures="0" tests="2" name="com.mystore.testcases.endToEndTestxml" time="47.389" errors="0" timestamp="2024-12-21T10:23:46 IST" skipped="0">
  <testcase classname="com.mystore.testcases.endToEndTestxml" name="newTest1" time="10.727"/>
  <testcase classname="com.mystore.testcases.endToEndTestxml" name="endToEndTest" time="36.662"/>
</testsuite> <!-- com.mystore.testcases.endToEndTestxml -->
