<?xml version="1.0" encoding="UTF-8"?>
<!-- Generated by org.testng.reporters.JUnitReportReporter -->
<testsuite hostname="Jaggu" failures="0" tests="1" name="com.mystore.testcases.OrderPageTestxml" time="17.259" errors="0" timestamp="2024-12-21T10:23:46 IST" skipped="0">
  <testcase classname="com.mystore.testcases.OrderPageTestxml" name="orderPageTest" time="17.259"/>
</testsuite> <!-- com.mystore.testcases.OrderPageTestxml -->
